app/build/outputs/mapping/release/seeds.txt
com.skycast.SkyCastApplication
com.skycast.MainActivity_GeneratedInjector
com.skycast.data.api.WeatherApi
com.skycast.data.db.AppDatabase_Impl
com.skycast.MainActivity
com.skycast.SkyCastApplication_GeneratedInjector
com.skycast.data.db.AppDatabase
com.skycast.ui.viewmodel.WeatherViewModel
com.skycast.SkyCastApplication: SkyCastApplication()
com.skycast.data.db.AppDatabase: AppDatabase()
com.skycast.data.db.AppDatabase_Impl: AppDatabase_Impl()
com.skycast.MainActivity: MainActivity()
com.skycast.data.api.WeatherApi: java.lang.Object getWeather(double,double,java.lang.String,java.lang.String,java.lang.String,kotlin.coroutines.Continuation)
...
com.google.android.gms.internal.ads.zzbdl: com.google.android.gms.internal.ads.zzben zzh
com.google.android.gms.internal.ads.zzatd: long zzaj
com.google.android.gms.internal.ads.zzhgb: java.lang.String zze
com.google.android.gms.internal.ads.zzatm: com.google.android.gms.internal.ads.zzatm zzb
com.google.android.gms.internal.ads.zzhfp: int zzl
com.google.android.gms.internal.ads.zzath: com.google.android.gms.internal.ads.zzath zzb
com.google.android.gms.internal.ads.zzgvx: com.google.android.gms.internal.ads.zzguy zzf
com.google.android.gms.internal.ads.zzata: long zzf
com.google.android.gms.internal.ads.zzgwf: com.google.android.gms.internal.ads.zzgyl zzf
com.google.android.gms.internal.ads.zzbct: int zzg
com.google.android.gms.internal.ads.zzhdz: boolean zzu
com.google.android.gms.internal.ads.zzbcr: int zzd
com.google.android.gms.internal.ads.zzgvo: int zze
com.google.android.gms.internal.ads.zzbey: com.google.android.gms.internal.ads.zzben zzh
com.google.android.gms.internal.ads.zzbep: int zzf
com.google.android.gms.internal.ads.zzasr: com.google.android.gms.internal.ads.zzasr zzb
com.google.android.gms.internal.ads.zzbew: int zzd
com.google.android.gms.internal.ads.zzbda: java.lang.String zzh
com.google.android.gms.internal.ads.zzbcv: int zzj
com.google.android.gms.internal.ads.zzhgj: boolean zzp
com.google.android.gms.internal.ads.zzbcv: com.google.android.gms.internal.ads.zzben zzg
com.google.android.gms.internal.ads.zzgul: com.google.android.gms.internal.ads.zzgul zzb
kotlinx.coroutines.scheduling.CoroutineScheduler$Worker: java.lang.Object nextParkedWorker
com.google.android.gms.internal.ads.zzgua: int zze
com.google.android.gms.internal.ads.zzhfz: boolean zzv
com.google.android.gms.internal.ads.zzbcj: boolean zzf
com.google.android.gms.internal.ads.zzgdb: com.google.android.gms.internal.ads.zzgdb$zzk waiters
com.google.android.gms.internal.ads.zzbfc: int zze
kotlinx.coroutines.UndispatchedCoroutine: boolean threadLocalIsSet
com.google.android.gms.internal.ads.zzfnf: java.lang.String zzz
com.google.android.gms.internal.ads.zzguy: com.google.android.gms.internal.ads.zzguy zzb
androidx.lifecycle.Lifecycle$Event: androidx.lifecycle.Lifecycle$Event ON_DESTROY
com.google.android.gms.internal.ads.zzatq: int zzh
androidx.versionedparcelable.ParcelImpl: android.os.Parcelable$Creator CREATOR
com.google.android.gms.internal.ads.zzarz: com.google.android.gms.internal.ads.zzase zzf
com.google.android.gms.internal.ads.zzase: com.google.android.gms.internal.ads.zzase zzb
com.google.android.gms.internal.ads.zzata: int zzd
com.google.android.gms.internal.ads.zzgsq: int zze
com.google.android.gms.internal.ads.zzbfi: int zzd
com.google.android.gms.internal.ads.zzhfj: int zzd
kotlinx.coroutines.sync.SemaphoreImpl: long enqIdx
com.google.android.gms.internal.ads.zzatd: long zzZ
kotlinx.coroutines.channels.BufferedChannel: long receivers
com.google.android.gms.internal.ads.zzgvb: java.lang.String zzd
com.google.android.gms.internal.ads.zzbed: java.lang.String zzj
com.google.android.gms.internal.ads.zzfro: java.lang.String zzh
com.google.android.gms.internal.ads.zzhgj: boolean zzr
com.google.android.gms.internal.ads.zzbfi: com.google.android.gms.internal.ads.zzbfi zzb
com.google.android.gms.internal.ads.zzhgj: boolean zzo
com.google.android.gms.internal.ads.zzfnf: int zzR
com.google.android.gms.internal.ads.zzhfy: java.lang.String zzf
com.google.android.gms.internal.ads.zzgvf: int zzf
com.google.android.gms.internal.ads.zzase: java.lang.String zze
com.google.android.gms.internal.ads.zzasp: int zzg
com.google.android.gms.internal.ads.zzfno: java.lang.String zzg
com.google.android.gms.internal.ads.zzhfd: long zzg
androidx.concurrent.futures.AbstractResolvableFuture: androidx.concurrent.futures.AbstractResolvableFuture$Listener listeners
com.google.android.gms.internal.ads.zzfnr: com.google.android.gms.internal.ads.zzhad zzd
com.google.android.gms.internal.ads.zzgst: com.google.android.gms.internal.ads.zzgul zzf