app/build/outputs/mapping/release/usage.txt
com.skycast.DaggerSkyCastApplication_HiltComponents_SingletonC$ActivityCImpl:
    public dagger.hilt.android.internal.builders.FragmentComponentBuilder fragmentComponentBuilder()
    public dagger.hilt.android.internal.builders.ViewComponentBuilder viewComponentBuilder()
com.skycast.DaggerSkyCastApplication_HiltComponents_SingletonC$FragmentCBuilder
com.skycast.DaggerSkyCastApplication_HiltComponents_SingletonC$FragmentCImpl
com.skycast.DaggerSkyCastApplication_HiltComponents_SingletonC$ServiceCBuilder
com.skycast.DaggerSkyCastApplication_HiltComponents_SingletonC$ServiceCImpl
com.skycast.DaggerSkyCastApplication_HiltComponents_SingletonC$SingletonCImpl:
    public java.util.Set getDisableFragmentGetContextFix()
    public dagger.hilt.android.internal.builders.ServiceComponentBuilder serviceComponentBuilder()
com.skycast.DaggerSkyCastApplication_HiltComponents_SingletonC$ViewCBuilder
com.skycast.DaggerSkyCastApplication_HiltComponents_SingletonC$ViewCImpl
com.skycast.DaggerSkyCastApplication_HiltComponents_SingletonC$ViewWithFragmentCBuilder
com.skycast.DaggerSkyCastApplication_HiltComponents_SingletonC$ViewWithFragmentCImpl
com.skycast.DaggerSkyCastApplication_HiltComponents_SingletonC:
    private void <init>()
com.skycast.Hilt_MainActivity:
    void <init>(int)
    public synthetic bridge dagger.hilt.internal.GeneratedComponentManager componentManager()
com.skycast.Hilt_SkyCastApplication:
    public synthetic bridge dagger.hilt.internal.GeneratedComponentManager componentManager()
com.skycast.MainActivity:
    public static final int $stable
com.skycast.R$string
com.skycast.R$style
com.skycast.R
com.skycast.SkyCastApplication:
    public static final int $stable
com.skycast.SkyCastApplication_ComponentTreeDeps
com.skycast.SkyCastApplication_HiltComponents$ActivityC$Builder
com.skycast.SkyCastApplication_HiltComponents$ActivityCBuilderModule
com.skycast.SkyCastApplication_HiltComponents$ActivityRetainedC$Builder
com.skycast.SkyCastApplication_HiltComponents$ActivityRetainedCBuilderModule
com.skycast.SkyCastApplication_HiltComponents$FragmentC$Builder
com.skycast.SkyCastApplication_HiltComponents$FragmentC
com.skycast.SkyCastApplication_HiltComponents$FragmentCBuilderModule
com.skycast.SkyCastApplication_HiltComponents$ServiceC$Builder
com.skycast.SkyCastApplication_HiltComponents$ServiceC
com.skycast.SkyCastApplication_HiltComponents$ServiceCBuilderModule
com.skycast.SkyCastApplication_HiltComponents$ViewC$Builder
com.skycast.SkyCastApplication_HiltComponents$ViewC
com.skycast.SkyCastApplication_HiltComponents$ViewCBuilderModule
com.skycast.SkyCastApplication_HiltComponents$ViewModelC$Builder
com.skycast.SkyCastApplication_HiltComponents$ViewModelCBuilderModule
com.skycast.SkyCastApplication_HiltComponents$ViewWithFragmentC$Builder
com.skycast.SkyCastApplication_HiltComponents$ViewWithFragmentC
com.skycast.SkyCastApplication_HiltComponents$ViewWithFragmentCBuilderModule
com.skycast.SkyCastApplication_HiltComponents
com.skycast.data.api.CurrentWeather
com.skycast.data.api.DailyTemp
com.skycast.data.api.DailyWeather
com.skycast.data.api.HourlyWeather
com.skycast.data.api.WeatherAlert
com.skycast.data.api.WeatherDescription
...
com.google.android.gms.tasks.zzo
com.google.android.gms.tasks.zzp
com.google.android.gms.tasks.zzq:
    public abstract void zzc()
com.google.android.gms.tasks.zzs
com.google.android.gms.tasks.zzv
com.google.android.gms.tasks.zzw:
    public final com.google.android.gms.tasks.Task addOnCanceledListener(android.app.Activity,com.google.android.gms.tasks.OnCanceledListener)
    public final com.google.android.gms.tasks.Task addOnCanceledListener(com.google.android.gms.tasks.OnCanceledListener)
    public final com.google.android.gms.tasks.Task addOnCompleteListener(android.app.Activity,com.google.android.gms.tasks.OnCompleteListener)
    public final com.google.android.gms.tasks.Task addOnFailureListener(android.app.Activity,com.google.android.gms.tasks.OnFailureListener)
    public final com.google.android.gms.tasks.Task addOnFailureListener(com.google.android.gms.tasks.OnFailureListener)
    public final com.google.android.gms.tasks.Task addOnSuccessListener(android.app.Activity,com.google.android.gms.tasks.OnSuccessListener)
    public final com.google.android.gms.tasks.Task addOnSuccessListener(com.google.android.gms.tasks.OnSuccessListener)
    public final com.google.android.gms.tasks.Task continueWith(com.google.android.gms.tasks.Continuation)
    public final java.lang.Object getResult(java.lang.Class)
    public final com.google.android.gms.tasks.Task onSuccessTask(com.google.android.gms.tasks.SuccessContinuation)
    public final com.google.android.gms.tasks.Task onSuccessTask(java.util.concurrent.Executor,com.google.android.gms.tasks.SuccessContinuation)
com.google.android.gms.tasks.zzx
com.google.android.gms.tasks.zzy
com.google.android.ump.ConsentDebugSettings$Builder
com.google.android.ump.ConsentDebugSettings$DebugGeography
com.google.android.ump.ConsentDebugSettings
com.google.android.ump.ConsentForm$OnConsentFormDismissedListener
com.google.android.ump.ConsentForm
com.google.android.ump.ConsentInformation$ConsentStatus
com.google.android.ump.ConsentInformation$OnConsentInfoUpdateFailureListener
com.google.android.ump.ConsentInformation$OnConsentInfoUpdateSuccessListener
com.google.android.ump.ConsentInformation$PrivacyOptionsRequirementStatus
com.google.android.ump.ConsentInformation
com.google.android.ump.ConsentRequestParameters$Builder
com.google.android.ump.ConsentRequestParameters
com.google.android.ump.FormError$ErrorCode
com.google.android.ump.FormError
com.google.android.ump.UserMessagingPlatform$OnConsentFormLoadFailureListener
com.google.android.ump.UserMessagingPlatform$OnConsentFormLoadSuccessListener
com.google.android.ump.UserMessagingPlatform
com.google.android.ump.zza
com.google.android.ump.zzb
com.google.common.annotations.Beta
com.google.common.annotations.GwtCompatible
com.google.common.annotations.GwtIncompatible
com.google.common.annotations.VisibleForTesting
com.google.common.base.Absent
com.google.common.base.AbstractIterator$1
com.google.common.base.AbstractIterator$State
com.google.common.base.AbstractIterator
com.google.common.base.Ascii
com.google.common.base.CaseFormat$1
com.google.common.base.CaseFormat$2
com.google.common.base.CaseFormat$3
com.google.common.base.CaseFormat$4
com.google.common.base.CaseFormat$5
com.google.common.base.CaseFormat$StringConverter
com.google.common.base.CaseFormat
com.google.common.base.CharMatcher$1
com.google.common.base.CharMatcher$And
com.google.common.base.CharMatcher$Any
com.google.common.base.CharMatcher$AnyOf
com.google.common.base.CharMatcher$Ascii
com.google.common.base.CharMatcher$BitSetMatcher
com.google.common.base.CharMatcher$BreakingWhitespace
com.google.common.base.CharMatcher$Digit
com.google.common.base.CharMatcher$FastMatcher
com.google.common.base.CharMatcher$ForPredicate
com.google.common.base.CharMatcher$InRange
com.google.common.base.CharMatcher$Invisible
com.google.common.base.CharMatcher$Is
com.google.common.base.CharMatcher$IsEither
com.google.common.base.CharMatcher$IsNot
com.google.common.base.CharMatcher$JavaDigit